[31merror[39m: Error tracking deposits: Cannot read properties of undefined (reading 'on')
[31merror[39m: Error tracking deposits: Cannot read properties of undefined (reading 'on')
[31merror[39m: Error tracking deposits: depositContract.events.DepositEvent is not a function
[31merror[39m: Error tracking deposits: Cannot read properties of undefined (reading 'on')
[31merror[39m: Error tracking deposits: Cannot read properties of undefined (reading 'on')
[31merror[39m: Error tracking deposits: Cannot read properties of undefined (reading 'on')
[31merror[39m: Error tracking deposits: Cannot read properties of undefined (reading 'on')
[31merror[39m: Error tracking deposits: Cannot read properties of undefined (reading 'on')
[31merror[39m: Error tracking deposits: Cannot read properties of undefined (reading 'on')
[31merror[39m: Error tracking deposits: Cannot read properties of undefined (reading 'on')
[31merror[39m: Error tracking deposits: Cannot read properties of undefined (reading 'on')
[31merror[39m: Error tracking deposits: Cannot read properties of undefined (reading 'on')
[31merror[39m: Error tracking deposits: Cannot read properties of undefined (reading 'on')
[31merror[39m: Error tracking deposits: Cannot read properties of undefined (reading 'on')
[31merror[39m: Error tracking deposits: Cannot read properties of undefined (reading 'on')
[31merror[39m: Error tracking deposits: Cannot mix BigInt and other types, use explicit conversions
[31merror[39m: Error tracking deposits: Cannot mix BigInt and other types, use explicit conversions
[31merror[39m: Error tracking deposits: Cannot convert a BigInt value to a number
[31merror[39m: Error tracking deposits: Cannot convert a BigInt value to a number
[31merror[39m: Error tracking deposits: Cannot read properties of undefined (reading 'on')
[31merror[39m: Error tracking deposits: Cannot read properties of undefined (reading 'on')
[31merror[39m: Error tracking deposits: Cannot read properties of undefined (reading 'on')
[31merror[39m: Error tracking deposits: Cannot read properties of undefined (reading 'on')
[31merror[39m: Error tracking deposits: Returned error: Log response size exceeded. You can make eth_getLogs requests with up to a 2K block range and no limit on the response size, or you can request any block range with a cap of 10K logs in the response. Based on your parameters and the response size limit, this block range should work: [0x0, 0xac6e91]
[31merror[39m: Error fetching recent DepositEvents: Do not know how to serialize a BigInt
[31merror[39m: Error tracking deposits: Cannot read properties of undefined (reading 'on')
[31merror[39m: Error fetching recent DepositEvents: Do not know how to serialize a BigInt
[31merror[39m: Error tracking deposits: Cannot mix BigInt and other types, use explicit conversions
[31merror[39m: Error processing event: Do not know how to serialize a BigInt
[31merror[39m: Error processing event: Do not know how to serialize a BigInt
[31merror[39m: Error processing event: Do not know how to serialize a BigInt
[31merror[39m: Error processing event: Do not know how to serialize a BigInt
[31merror[39m: Error processing event: Do not know how to serialize a BigInt
[31merror[39m: Error processing event: Do not know how to serialize a BigInt
[31merror[39m: Error processing event: Do not know how to serialize a BigInt
[31merror[39m: Error processing event: Do not know how to serialize a BigInt
[31merror[39m: Error processing event: Do not know how to serialize a BigInt
[31merror[39m: Error processing event: Do not know how to serialize a BigInt
[31merror[39m: Error tracking deposits: Cannot read properties of undefined (reading 'on')
[31merror[39m: Error tracking deposits: Cannot read properties of undefined (reading 'on')
[31merror[39m: Error tracking deposits: Cannot read properties of undefined (reading 'on')
[31merror[39m: Error tracking deposits: Cannot read properties of undefined (reading 'on')
[31merror[39m: Error tracking deposits: Cannot read properties of undefined (reading 'on')
[31merror[39m: Error tracking deposits: Cannot read properties of undefined (reading 'on')
[31merror[39m: Failed to set up real-time listener: Cannot read properties of undefined (reading 'on')
[31merror[39m: Failed to set up real-time listener: Cannot read properties of undefined (reading 'on')
[31merror[39m: Failed to set up real-time listener: Cannot read properties of undefined (reading 'on')
[31merror[39m: Failed to set up low-level listener: subscription.on is not a function
[31merror[39m: Failed to set up low-level listener: subscription.on is not a function
[31merror[39m: Failed to set up low-level listener: subscription.on is not a function
[31merror[39m: Failed to set up low-level listener: TypeError: subscription.on is not a function
[31merror[39m: Failed to set up low-level listener: TypeError: subscription.on is not a function
[31merror[39m: Failed to set up low-level listener: web3.eth.subscribe(...).on is not a function
[31merror[39m: Failed to set up real-time listener: Cannot read properties of undefined (reading 'on')
[31merror[39m: Failed to set up real-time listener: Cannot read properties of undefined (reading 'on')
[31merror[39m: Failed to set up real-time listener: Cannot read properties of undefined (reading 'on')
[31merror[39m: Error fetching internal transaction logs: Returned error: Method eth_getLogs is not supported
[31merror[39m: Failed to set up real-time listener: Cannot read properties of undefined (reading 'on')
[31merror[39m: Error fetching internal transaction logs: Cannot mix BigInt and other types, use explicit conversions
[31merror[39m: Failed to set up real-time listener: Cannot read properties of undefined (reading 'on')
[31merror[39m: Error fetching internal transaction logs: processTransaction is not defined
[31merror[39m: Failed to set up real-time listener: Cannot read properties of undefined (reading 'on')
[31merror[39m: Failed to set up real-time listener: Cannot read properties of undefined (reading 'on')
[31merror[39m: Failed to reconnect Web3: Assignment to constant variable.
[31merror[39m: Failed to set up real-time listener: subscription.on is not a function
[31merror[39m: Failed to set up real-time listener: Cannot read properties of undefined (reading 'on')
[31merror[39m: Failed to reconnect Web3: Assignment to constant variable.
[31merror[39m: Failed to set up real-time listener: Cannot read properties of undefined (reading 'on')
[31merror[39m: Failed to set up real-time listener: Cannot read properties of undefined (reading 'on')
[31merror[39m: Failed to set up real-time listener: Cannot read properties of undefined (reading 'on')
[31merror[39m: Failed to set up real-time listener: Cannot read properties of undefined (reading 'on')
[31merror[39m: Failed to set up real-time listener: Cannot read properties of undefined (reading 'on')
[31merror[39m: Failed to set up real-time listener: Cannot read properties of undefined (reading 'on')
[31merror[39m: Failed to set up real-time listener: Cannot read properties of undefined (reading 'on')
[31merror[39m: Failed to set up real-time listener: Cannot read properties of undefined (reading 'on')
[31merror[39m: Failed to set up real-time listener: Cannot read properties of undefined (reading 'on')
[31merror[39m: Failed to set up real-time listener: Cannot read properties of undefined (reading 'on')
[31merror[39m: Failed to set up real-time listener: Cannot read properties of undefined (reading 'on')
[31merror[39m: Failed to set up real-time listener: Cannot read properties of undefined (reading 'on')
[31merror[39m: Error processing event: Cannot mix BigInt and other types, use explicit conversions
[31merror[39m: Error processing event: Cannot mix BigInt and other types, use explicit conversions
[31merror[39m: Error processing event: Cannot mix BigInt and other types, use explicit conversions
[31merror[39m: Error processing event: Cannot mix BigInt and other types, use explicit conversions
[31merror[39m: Error processing event: Cannot mix BigInt and other types, use explicit conversions
[31merror[39m: Error processing event: Cannot mix BigInt and other types, use explicit conversions
[31merror[39m: Error processing event: Cannot mix BigInt and other types, use explicit conversions
[31merror[39m: Error processing event: Cannot mix BigInt and other types, use explicit conversions
[31merror[39m: Error processing event: Cannot mix BigInt and other types, use explicit conversions
[31merror[39m: Error processing event: Cannot mix BigInt and other types, use explicit conversions
[31merror[39m: Error processing event: Cannot mix BigInt and other types, use explicit conversions
[31merror[39m: Error processing event: Cannot mix BigInt and other types, use explicit conversions
[31merror[39m: Error processing event: Cannot mix BigInt and other types, use explicit conversions
[31merror[39m: Error processing event: Cannot mix BigInt and other types, use explicit conversions
[31merror[39m: Error processing event: Cannot mix BigInt and other types, use explicit conversions
[31merror[39m: Error processing event: Cannot mix BigInt and other types, use explicit conversions
[31merror[39m: Error processing event: Cannot mix BigInt and other types, use explicit conversions
[31merror[39m: Error processing event: Cannot mix BigInt and other types, use explicit conversions
[31merror[39m: Error processing event: Cannot mix BigInt and other types, use explicit conversions
[31merror[39m: Error processing event: Cannot mix BigInt and other types, use explicit conversions
[31merror[39m: Error processing event: Cannot mix BigInt and other types, use explicit conversions
[31merror[39m: Error processing event: Cannot mix BigInt and other types, use explicit conversions
[31merror[39m: Error processing event: Cannot mix BigInt and other types, use explicit conversions
[31merror[39m: Error processing event: Cannot mix BigInt and other types, use explicit conversions
[31merror[39m: Error processing event: Cannot mix BigInt and other types, use explicit conversions
[31merror[39m: Error processing event: Cannot mix BigInt and other types, use explicit conversions
[31merror[39m: Error processing event: Cannot mix BigInt and other types, use explicit conversions
[31merror[39m: Error processing event: Cannot mix BigInt and other types, use explicit conversions
[31merror[39m: Error processing event: Cannot mix BigInt and other types, use explicit conversions
[31merror[39m: Error processing event: Cannot mix BigInt and other types, use explicit conversions
[31merror[39m: Error processing event: Cannot mix BigInt and other types, use explicit conversions
[31merror[39m: Error processing event: Cannot mix BigInt and other types, use explicit conversions
[31merror[39m: Error processing event: Cannot mix BigInt and other types, use explicit conversions
[31merror[39m: Error processing event: Cannot mix BigInt and other types, use explicit conversions
[31merror[39m: Error processing event: Cannot mix BigInt and other types, use explicit conversions
[31merror[39m: Error processing event: Cannot mix BigInt and other types, use explicit conversions
[31merror[39m: Error processing event: Cannot mix BigInt and other types, use explicit conversions
[31merror[39m: Error processing event: Cannot mix BigInt and other types, use explicit conversions
[31merror[39m: Error processing event: Cannot mix BigInt and other types, use explicit conversions
[31merror[39m: Error processing event: Cannot mix BigInt and other types, use explicit conversions
[31merror[39m: Error processing event: Cannot mix BigInt and other types, use explicit conversions
[31merror[39m: Error processing event: Cannot mix BigInt and other types, use explicit conversions
[31merror[39m: Error processing event: Cannot mix BigInt and other types, use explicit conversions
[31merror[39m: Error processing event: Cannot mix BigInt and other types, use explicit conversions
[31merror[39m: Error processing event: Cannot mix BigInt and other types, use explicit conversions
[31merror[39m: Error processing event: Cannot mix BigInt and other types, use explicit conversions
[31merror[39m: Error processing event: Cannot mix BigInt and other types, use explicit conversions
[31merror[39m: Error processing event: Cannot mix BigInt and other types, use explicit conversions
[31merror[39m: Error processing event: Cannot mix BigInt and other types, use explicit conversions
[31merror[39m: Error processing event: Cannot mix BigInt and other types, use explicit conversions
[31merror[39m: Error processing event: Cannot mix BigInt and other types, use explicit conversions
[31merror[39m: Failed to set up real-time listener: Cannot read properties of undefined (reading 'on')
[31merror[39m: Failed to set up real-time listener: Cannot read properties of undefined (reading 'on')
[31merror[39m: Failed to set up real-time listener: Cannot read properties of undefined (reading 'on')
[31merror[39m: Failed to set up real-time listener: Cannot read properties of undefined (reading 'on')
[31merror[39m: Failed to set up real-time listener: Cannot read properties of undefined (reading 'on')
[31merror[39m: Error processing event: Cannot read properties of undefined (reading 'hash')
[31merror[39m: Error processing event: Cannot read properties of undefined (reading 'hash')
[31merror[39m: Error processing event: Cannot read properties of undefined (reading 'hash')
[31merror[39m: Error processing event: Cannot read properties of undefined (reading 'hash')
[31merror[39m: Error processing event: Cannot read properties of undefined (reading 'hash')
[31merror[39m: Error processing event: Cannot read properties of undefined (reading 'hash')
[31merror[39m: Error processing event: Cannot read properties of undefined (reading 'hash')
[31merror[39m: Error processing event: Cannot read properties of undefined (reading 'hash')
[31merror[39m: Error processing event: Cannot read properties of undefined (reading 'hash')
[31merror[39m: Error processing event: Cannot read properties of undefined (reading 'hash')
[31merror[39m: Error processing event: Cannot read properties of undefined (reading 'hash')
[31merror[39m: Error processing event: Cannot read properties of undefined (reading 'hash')
[31merror[39m: Error processing event: Cannot read properties of undefined (reading 'hash')
[31merror[39m: Error processing event: Cannot read properties of undefined (reading 'hash')
[31merror[39m: Error processing event: Cannot read properties of undefined (reading 'hash')
[31merror[39m: Error processing event: Cannot read properties of undefined (reading 'hash')
[31merror[39m: Error processing event: Cannot read properties of undefined (reading 'hash')
[31merror[39m: Error processing event: Cannot read properties of undefined (reading 'hash')
[31merror[39m: Error processing event: Cannot read properties of undefined (reading 'hash')
[31merror[39m: Error processing event: Cannot read properties of undefined (reading 'hash')
[31merror[39m: Error processing event: Cannot read properties of undefined (reading 'hash')
[31merror[39m: Error processing event: Cannot read properties of undefined (reading 'hash')
[31merror[39m: Error processing event: Cannot read properties of undefined (reading 'hash')
[31merror[39m: Error processing event: Cannot read properties of undefined (reading 'hash')
[31merror[39m: Error processing event: Cannot read properties of undefined (reading 'hash')
[31merror[39m: Error processing event: Cannot read properties of undefined (reading 'hash')
[31merror[39m: Error processing event: Cannot read properties of undefined (reading 'hash')
[31merror[39m: Error processing event: Cannot read properties of undefined (reading 'hash')
[31merror[39m: Error processing event: Cannot read properties of undefined (reading 'hash')
[31merror[39m: Error processing event: Cannot read properties of undefined (reading 'hash')
[31merror[39m: Error processing event: Cannot read properties of undefined (reading 'hash')
[31merror[39m: Error processing event: Cannot read properties of undefined (reading 'hash')
[31merror[39m: Error processing event: Cannot read properties of undefined (reading 'hash')
[31merror[39m: Error processing event: Cannot read properties of undefined (reading 'hash')
[31merror[39m: Error processing event: Cannot read properties of undefined (reading 'hash')
[31merror[39m: Error processing event: Cannot read properties of undefined (reading 'hash')
[31merror[39m: Error processing event: Cannot read properties of undefined (reading 'hash')
[31merror[39m: Error processing event: Cannot read properties of undefined (reading 'hash')
[31merror[39m: Error processing event: Cannot read properties of undefined (reading 'hash')
[31merror[39m: Error processing event: Cannot read properties of undefined (reading 'hash')
[31merror[39m: Error processing event: Cannot read properties of undefined (reading 'hash')
[31merror[39m: Error processing event: Cannot read properties of undefined (reading 'hash')
[31merror[39m: Error processing event: Cannot read properties of undefined (reading 'hash')
[31merror[39m: Error processing event: Cannot read properties of undefined (reading 'hash')
[31merror[39m: Error processing event: Cannot read properties of undefined (reading 'hash')
[31merror[39m: Error processing event: Cannot read properties of undefined (reading 'hash')
[31merror[39m: Error processing event: Cannot read properties of undefined (reading 'hash')
[31merror[39m: Error processing event: Cannot read properties of undefined (reading 'hash')
[31merror[39m: Error processing event: Cannot read properties of undefined (reading 'hash')
[31merror[39m: Error processing event: Cannot read properties of undefined (reading 'hash')
[31merror[39m: Error processing event: Cannot read properties of undefined (reading 'hash')
[31merror[39m: Error processing event: Cannot read properties of undefined (reading 'hash')
[31merror[39m: Error processing event: Cannot read properties of undefined (reading 'hash')
[31merror[39m: Error processing event: Cannot read properties of undefined (reading 'hash')
[31merror[39m: Error processing event: Cannot read properties of undefined (reading 'hash')
[31merror[39m: Failed to set up real-time listener: Cannot read properties of undefined (reading 'on')
[31merror[39m: Error processing event: Cannot read properties of undefined (reading 'hash')
[31merror[39m: Error processing event: Cannot read properties of undefined (reading 'hash')
[31merror[39m: Error processing event: Cannot read properties of undefined (reading 'hash')
[31merror[39m: Error processing event: Cannot read properties of undefined (reading 'hash')
[31merror[39m: Error processing event: Cannot read properties of undefined (reading 'hash')
[31merror[39m: Error processing event: Cannot read properties of undefined (reading 'hash')
[31merror[39m: Error processing event: Cannot read properties of undefined (reading 'hash')
[31merror[39m: Error processing event: Cannot read properties of undefined (reading 'hash')
[31merror[39m: Error processing event: Cannot read properties of undefined (reading 'hash')
[31merror[39m: Error processing event: Cannot read properties of undefined (reading 'hash')
[31merror[39m: Error processing event: Cannot read properties of undefined (reading 'hash')
[31merror[39m: Error processing event: Cannot read properties of undefined (reading 'hash')
[31merror[39m: Error processing event: Cannot read properties of undefined (reading 'hash')
[31merror[39m: Error processing event: Cannot read properties of undefined (reading 'hash')
[31merror[39m: Error processing event: Cannot read properties of undefined (reading 'hash')
[31merror[39m: Error processing event: Cannot read properties of undefined (reading 'hash')
[31merror[39m: Error processing event: Cannot read properties of undefined (reading 'hash')
[31merror[39m: Error processing event: Cannot read properties of undefined (reading 'hash')
[31merror[39m: Error processing event: Cannot read properties of undefined (reading 'hash')
[31merror[39m: Error processing event: Cannot read properties of undefined (reading 'hash')
[31merror[39m: Error processing event: Cannot read properties of undefined (reading 'hash')
[31merror[39m: Error processing event: Cannot read properties of undefined (reading 'hash')
[31merror[39m: Error processing event: Cannot read properties of undefined (reading 'hash')
[31merror[39m: Error processing event: Cannot read properties of undefined (reading 'hash')
[31merror[39m: Error processing event: Cannot read properties of undefined (reading 'hash')
[31merror[39m: Error processing event: Cannot read properties of undefined (reading 'hash')
[31merror[39m: Error processing event: Cannot read properties of undefined (reading 'hash')
[31merror[39m: Error processing event: Cannot read properties of undefined (reading 'hash')
[31merror[39m: Error processing event: Cannot read properties of undefined (reading 'hash')
[31merror[39m: Error processing event: Cannot read properties of undefined (reading 'hash')
[31merror[39m: Error processing event: Cannot read properties of undefined (reading 'hash')
[31merror[39m: Error processing event: Cannot read properties of undefined (reading 'hash')
[31merror[39m: Error processing event: Cannot read properties of undefined (reading 'hash')
[31merror[39m: Error processing event: Cannot read properties of undefined (reading 'hash')
[31merror[39m: Error processing event: Cannot read properties of undefined (reading 'hash')
[31merror[39m: Error processing event: Cannot read properties of undefined (reading 'hash')
[31merror[39m: Error processing event: Cannot read properties of undefined (reading 'hash')
[31merror[39m: Error processing event: Cannot read properties of undefined (reading 'hash')
[31merror[39m: Error processing event: Cannot read properties of undefined (reading 'hash')
[31merror[39m: Error processing event: Cannot read properties of undefined (reading 'hash')
[31merror[39m: Error processing event: Cannot read properties of undefined (reading 'hash')
[31merror[39m: Error processing event: Cannot read properties of undefined (reading 'hash')
[31merror[39m: Error processing event: Cannot read properties of undefined (reading 'hash')
[31merror[39m: Error processing event: Cannot read properties of undefined (reading 'hash')
[31merror[39m: Error processing event: Cannot read properties of undefined (reading 'hash')
[31merror[39m: Error processing event: Cannot read properties of undefined (reading 'hash')
[31merror[39m: Error processing event: Cannot read properties of undefined (reading 'hash')
[31merror[39m: Error processing event: Cannot read properties of undefined (reading 'hash')
[31merror[39m: Error processing event: Cannot read properties of undefined (reading 'hash')
[31merror[39m: Error processing event: Cannot read properties of undefined (reading 'hash')
[31merror[39m: Error processing event: Cannot read properties of undefined (reading 'hash')
[31merror[39m: Error processing event: Cannot read properties of undefined (reading 'hash')
[31merror[39m: Error processing event: Cannot read properties of undefined (reading 'hash')
[31merror[39m: Error processing event: Cannot read properties of undefined (reading 'hash')
[31merror[39m: Error processing event: Cannot read properties of undefined (reading 'hash')
[31merror[39m: Failed to set up real-time listener: Cannot read properties of undefined (reading 'on')
[31merror[39m: Failed to set up real-time listener: Cannot read properties of undefined (reading 'on')
[31merror[39m: Error fetching internal transactions for 0x193e28b53b08a0a974dac88e5481a1539dd596e98a8555284351d253696b2e15: Returned error: Contract creation without any data provided
[31merror[39m: Error fetching internal transactions for 0x2c3c30c44a3b13d57a41f8d4f4908a12d90516335f9a278a76eaecc7b20fa385: Returned error: Contract creation without any data provided
[31merror[39m: Error fetching internal transactions for 0x86ae86c84cb31e6f513a29f04de96ee1b2eb216789713c7342f19eb41d921a7e: Returned error: Contract creation without any data provided
[31merror[39m: Error fetching internal transactions for 0xd64820079fa0fe1b3b6e352190b6f1cd3c5e2a31c1035e19305aca9e46c2a144: Returned error: Contract creation without any data provided
[31merror[39m: Error fetching internal transactions for 0x6074b0271d56dc709ff86db85e149e5c379e81e62b51140b8cbfafdd04540649: Returned error: Contract creation without any data provided
[31merror[39m: Error fetching internal transactions for 0xe2d753c26ddd6966e5c6f4069d6d3314841b05f415bf786982dd4155735b76b3: Returned error: Contract creation without any data provided
[31merror[39m: Error fetching internal transactions for 0x57335a238f5f89398e05f6f58f26b4c93741cfba3b844ad3263b4888dbed67f0: Returned error: Contract creation without any data provided
[31merror[39m: Error fetching internal transactions for 0xca4714811166036dd3d6dd6a515b74433c54a3990b0abda813dabb58e233c168: Returned error: Contract creation without any data provided
[31merror[39m: Error fetching internal transactions for 0xc198fb9ca12d70bb8d4cd0176f76ed59881711dab7c92721a8c7bd8d50c4e32e: Returned error: Contract creation without any data provided
[31merror[39m: Error fetching internal transactions for 0x4eabe4af0e0f839ba3ec501b2e24e58a73be3f13462645122fdda66b09b234f7: Returned error: Contract creation without any data provided
[31merror[39m: Error fetching internal transactions for 0x9939485b4e70bcb04b507d9cd98bff543c5b9895853a22fdf4b1a31178c41b7f: Returned error: Contract creation without any data provided
[31merror[39m: Error fetching internal transactions for 0x2e4d8f600188fe9e4d32c46e59de8b704bf5f644427a7e3ce9022afd63749916: Returned error: Contract creation without any data provided
[31merror[39m: Error fetching internal transactions for 0xa95f7a0e383ddcaae6c97fed2da22163f32a7a00c661b92d12284ee6833f54ee: Returned error: Contract creation without any data provided
[31merror[39m: Error fetching internal transactions for 0x3ee2802ac57ef40b489133ea1985d009748af8948ff01faa66fad122ef8acf0e: Returned error: Contract creation without any data provided
[31merror[39m: Error fetching internal transactions for 0x387f29cfe51cf6d06412bf097e464be5876df943dfb907847d14e31a2a6e2dce: Returned error: Contract creation without any data provided
[31merror[39m: Error fetching internal transactions for 0x87e10e4f92181c62cbc7e3e7c38f2211060b8e8789c1da045830b78bfcc7cbc5: Returned error: Contract creation without any data provided
[31merror[39m: Error fetching internal transactions for 0x1c7987c7467696d25e56b794a88cb57ec7ead1f032fbdbc2cba303f11eefc298: Returned error: Contract creation without any data provided
[31merror[39m: Error fetching internal transactions for 0xa9138568f3ec814672d043d08c9f783b23d78f18c25ab7c94673ee16e12862c7: Returned error: Contract creation without any data provided
[31merror[39m: Error fetching internal transactions for 0x8d1765c9ded413c615769336f4a0986c7f5e2e325103f83c66d555e3d97d5098: Returned error: Contract creation without any data provided
[31merror[39m: Error fetching internal transactions for 0x982ff8e916f5832171a897b4b47f6450d4e85c39000ef13214021b1dc048f08c: Returned error: Contract creation without any data provided
[31merror[39m: Error fetching internal transactions for 0x0d5c6d9192d6fd9e061b168db355842d87c642115a43d2fb3e06147c5802ef55: Returned error: Contract creation without any data provided
[31merror[39m: Error fetching internal transactions for 0x8aec7e7b205e1cdb55ba7450ee57b27c235087a1f85fd37ecd81736aa376e123: Returned error: Contract creation without any data provided
[31merror[39m: Error fetching internal transactions for 0x62e6f7266e33dec1745ccaae43dd0841ea118e06e6c93d2b4bc468b96af75719: Returned error: Contract creation without any data provided
[31merror[39m: Error fetching internal transactions for 0x4f088bf6c6e2ffcef1c9b9521b986b8bda17ccd124ebe1b6e11152b05322d7af: Returned error: Contract creation without any data provided
[31merror[39m: Error fetching internal transactions for 0xacc5c55d8c06b814ebab157786e4a98e78d6b770ee89a0d274b026df27935c8b: Returned error: Contract creation without any data provided
[31merror[39m: Error fetching internal transactions for 0x895d57ae073b6e261b97daf1625cef4cf313fe41146fed93ae3c86ca18e33e90: Returned error: Contract creation without any data provided
[31merror[39m: Error fetching internal transactions for 0xef3a305fb5dc66a512a18237704c808914347859fe3db9a092df20d79dbc9129: Returned error: Contract creation without any data provided
[31merror[39m: Error fetching internal transactions for 0x93c88c6dcb99421a42f586abc9c4b5107a7caf40f39270e2e40ec591738bd3ac: Returned error: Contract creation without any data provided
[31merror[39m: Error fetching internal transactions for 0xd7eeb16e67536429ee727ba340ddeddffe65bec9f7491a2d6267c63f1013e1ab: Returned error: Contract creation without any data provided
[31merror[39m: Error fetching internal transactions for 0xfdba52eacca56f1350446d24fd6d9ed8bdd7574ce0b405530bf0145e26b11170: Returned error: Contract creation without any data provided
[31merror[39m: Error fetching internal transactions for 0xbb00e45f7d9b2755e0199dd2b2d5934d8fcfaae808d28bf1b77b264c9845d061: Returned error: Contract creation without any data provided
[31merror[39m: Error fetching internal transactions for 0x1dd7595df0c2e4de07a1ffd4ba54a3b05e99aadb21f00bd4f23227678b1b0345: Returned error: Contract creation without any data provided
[31merror[39m: Error fetching internal transactions for 0x05400b139addb50566045e011f7d8339b99b7dc117d767d5650545fef08e8a11: Returned error: Contract creation without any data provided
[31merror[39m: Error fetching internal transactions for 0x2438fd2fcc9777a5a7a00f6a941bf7f5f789fe1df477621f8720dd93090b43f9: Returned error: Contract creation without any data provided
[31merror[39m: Error fetching internal transactions for 0x88edba8e23906c16cf20471c3d4a4a06cb2241d329618eb51082981f83a93e97: Returned error: Contract creation without any data provided
[31merror[39m: Error fetching internal transactions for 0x6b17fc2662c2a28fb7691a4be114864c61d7af17dc2b15a345e7a6e7acf288ac: Returned error: Contract creation without any data provided
[31merror[39m: Error fetching internal transactions for 0x7b1e4d927f505ef9f4a4f51f1fdf4b3dff8830f7dde916050406b52f321091ec: Returned error: Contract creation without any data provided
[31merror[39m: Error fetching internal transactions for 0xd172839c3ca7c4b93f9ec9715f0173df2342c655f9845eb85b81c0ce44324465: Returned error: Contract creation without any data provided
[31merror[39m: Error fetching internal transactions for 0x4513a856d720c9f7bc3e721474cefd12802f96459c8faa3752a2762e798c6d1d: Returned error: Contract creation without any data provided
[31merror[39m: Error fetching internal transactions for 0x4ecd36da5361b7a85e9dd189da37d8c543da88322d039ba57408ef12d3ee1c1b: Returned error: Contract creation without any data provided
[31merror[39m: Error fetching internal transactions for 0xc18c89f89d68ef5f062a438114ee756060eb525aed09412819db8d647c7278e1: Returned error: Contract creation without any data provided
[31merror[39m: Error fetching internal transactions for 0xa87e8377af74fdac1dd9e45ca600dff54913144435e416d432466e4414cd04bf: Returned error: Contract creation without any data provided
[31merror[39m: Error fetching internal transactions for 0x800a04605fd0c19d16ff1942b8808cca121bfb9da3de8a3430b6152f111a9eb5: Returned error: Contract creation without any data provided
[31merror[39m: Error fetching internal transactions for 0xfedee8977830181cf8bac3ccc1bc5f409c363ff4137a624c1fe9c3880ea1f9d3: Returned error: Contract creation without any data provided
[31merror[39m: Error fetching internal transactions for 0xdc7fdb4598c5f525c0cda287470cbffc592015f3427c388cf54867b1bebf1df9: Returned error: Contract creation without any data provided
[31merror[39m: Error fetching internal transactions for 0x14feedd55e2235fe8496bb4c8d646ac5cf40f9d098317ab2fe68207e9d1d73f6: Returned error: Contract creation without any data provided
[31merror[39m: Error fetching internal transactions for 0xf48ebd621c7a630948a25281ebbbe9d6a1be2d22e3701ec7554ee7374a87e29d: Returned error: Contract creation without any data provided
[31merror[39m: Error fetching internal transactions for 0xc7786e91d812b6206a666b3868168b4c273aa0737569c3efe888c7fd26f5f335: Returned error: Contract creation without any data provided
[31merror[39m: Error fetching internal transactions for 0xf18f461e6ddfc43acb5378e2b5cd4beeeddfec56253a54411c4fb0477b4c6bbc: Returned error: Contract creation without any data provided
[31merror[39m: Error fetching internal transactions for 0xe89f1f846daac680b56650482e12be152add85fc8e08182d3d535d4fb9e90454: Returned error: Contract creation without any data provided
[31merror[39m: Error fetching internal transactions for 0x795ab1f2987ad03f43d4d3e0f6c8419665b635a7403b5e7da83ad64fe6498ae7: Returned error: Contract creation without any data provided
[31merror[39m: Error fetching internal transactions for 0x2a32880f3e6caa9e3b7b0887fdeb888f42cb68ec2bd72af20ba40602b02ff81a: Returned error: Contract creation without any data provided
[31merror[39m: Error fetching internal transactions for 0x0f58e7037fdaf9b78ab074300b16c16abaa49099d67e6ff8895cc1eea43053bb: Returned error: Contract creation without any data provided
[31merror[39m: Error fetching internal transactions for 0x6e10c8336f8d01abb338371fd7f223da8e93985d0adb695437ec3fd2f11fa823: Returned error: Contract creation without any data provided
[31merror[39m: Error fetching internal transactions for 0x5f36ffba099373e4b0f9303b7620bc76e777e829bdfe48f9930645b6063cf104: Returned error: Contract creation without any data provided
[31merror[39m: Failed to set up real-time listener: Cannot read properties of undefined (reading 'on')
[31merror[39m: Error fetching transaction receipt for 0x3ce6b3f3bc57950ea8f386664a08b56c4732282d703890c556a82b26e7a1feb1: Do not know how to serialize a BigInt
[31merror[39m: Error fetching transaction receipt for 0x88beb9df6c395ce9df96cf891268ceb01556d3049d4951d0a3ad6375f5b557f9: Do not know how to serialize a BigInt
[31merror[39m: Error fetching transaction receipt for 0x4d839850f7fcd33b291e4d8d1d73305f487c9187edc61805d58f6bc8dc5324cb: Do not know how to serialize a BigInt
[31merror[39m: Error fetching transaction receipt for 0xe6b2eee357c9c35eae3c76e7ae7bcc5e07016f50df19c0fdde32b1f7c9bea3d1: Do not know how to serialize a BigInt
[31merror[39m: Error fetching transaction receipt for 0xc27dca73af032d286413019c0adece9366494144f301285a3ac9d71fd389c3f1: Do not know how to serialize a BigInt
[31merror[39m: Error fetching transaction receipt for 0xf2a8115a348fcc4b1e4d2fe4475706293d42da7af1db53060b3e77804eed3f85: Do not know how to serialize a BigInt
[31merror[39m: Error fetching transaction receipt for 0x383d3e4e3b6cdd8b224f55a7ee8706dc1f96ccfbd0af42cf9c76a9ec38fbe892: Do not know how to serialize a BigInt
[31merror[39m: Failed to set up real-time listener: Cannot read properties of undefined (reading 'on')
[31merror[39m: Error fetching internal transactions: Cannot access 'fetchInternalTransactions' before initialization
[31merror[39m: Error fetching internal transactions for 0x53c98c3371014fd54275ebc90a6e42dffa2eee427915cab5f80f1e3e9c64eba4: web3 is not defined
[31merror[39m: Error fetching recent DepositEvents: depositContract is not defined
[31merror[39m: Failed to set up real-time listener: Cannot read properties of undefined (reading 'on')
[31merror[39m: Failed to set up real-time listener: Cannot read properties of undefined (reading 'on')
[31merror[39m: Error fetching internal transactions: No transactions found
[31merror[39m: Error fetching internal transactions: No transactions found
[31merror[39m: Error fetching internal transactions: No transactions found
[31merror[39m: Error fetching internal transactions: No transactions found
[31merror[39m: Error fetching internal transactions: No transactions found
[31merror[39m: Error fetching internal transactions: No transactions found
[31merror[39m: Error fetching internal transactions: No transactions found
[31merror[39m: Error fetching internal transactions: No transactions found
[31merror[39m: Error fetching internal transactions: No transactions found
[31merror[39m: Error fetching internal transactions: No transactions found
[31merror[39m: Error processing event: saveDepositsToDatabase is not a function
[31merror[39m: Error processing event: saveDepositsToDatabase is not a function
[31merror[39m: Error processing event: saveDepositsToDatabase is not a function
[31merror[39m: Error processing event: saveDepositsToDatabase is not a function
[31merror[39m: Error processing event: saveDepositsToDatabase is not a function
[31merror[39m: Error processing event: saveDepositsToDatabase is not a function
[31merror[39m: Error processing event: saveDepositsToDatabase is not a function
[31merror[39m: Error processing event: saveDepositsToDatabase is not a function
[31merror[39m: Error processing event: saveDepositsToDatabase is not a function
[31merror[39m: Error processing event: saveDepositsToDatabase is not a function
[31merror[39m: Error processing event: saveDepositsToDatabase is not a function
[31merror[39m: Error processing event: saveDepositsToDatabase is not a function
[31merror[39m: Error processing event: saveDepositsToDatabase is not a function
[31merror[39m: Error processing event: saveDepositsToDatabase is not a function
[31merror[39m: Error processing event: saveDepositsToDatabase is not a function
[31merror[39m: Error processing event: saveDepositsToDatabase is not a function
[31merror[39m: Error processing event: saveDepositsToDatabase is not a function
[31merror[39m: Error processing event: saveDepositsToDatabase is not a function
[31merror[39m: Error processing event: saveDepositsToDatabase is not a function
[31merror[39m: Error processing event: saveDepositsToDatabase is not a function
[31merror[39m: Error processing event: saveDepositsToDatabase is not a function
[31merror[39m: Error processing event: saveDepositsToDatabase is not a function
[31merror[39m: Error processing event: saveDepositsToDatabase is not a function
[31merror[39m: Error processing event: saveDepositsToDatabase is not a function
[31merror[39m: Error processing event: saveDepositsToDatabase is not a function
[31merror[39m: Error processing event: saveDepositsToDatabase is not a function
[31merror[39m: Error processing event: saveDepositsToDatabase is not a function
[31merror[39m: Error processing event: saveDepositsToDatabase is not a function
[31merror[39m: Error processing event: saveDepositsToDatabase is not a function
[31merror[39m: Error processing event: saveDepositsToDatabase is not a function
[31merror[39m: Error processing event: saveDepositsToDatabase is not a function
[31merror[39m: Error processing event: saveDepositsToDatabase is not a function
[31merror[39m: Error processing event: saveDepositsToDatabase is not a function
[31merror[39m: Error processing event: saveDepositsToDatabase is not a function
[31merror[39m: Error processing event: saveDepositsToDatabase is not a function
[31merror[39m: Error processing event: saveDepositsToDatabase is not a function
[31merror[39m: Error processing event: saveDepositsToDatabase is not a function
[31merror[39m: Error processing event: saveDepositsToDatabase is not a function
[31merror[39m: Error processing event: saveDepositsToDatabase is not a function
[31merror[39m: Error processing event: saveDepositsToDatabase is not a function
[31merror[39m: Error processing event: saveDepositsToDatabase is not a function
[31merror[39m: Error processing event: saveDepositsToDatabase is not a function
[31merror[39m: Error processing event: saveDepositsToDatabase is not a function
[31merror[39m: Error processing event: saveDepositsToDatabase is not a function
[31merror[39m: Error processing event: saveDepositsToDatabase is not a function
[31merror[39m: Error processing event: saveDepositsToDatabase is not a function
[31merror[39m: Error processing event: saveDepositsToDatabase is not a function
[31merror[39m: Error processing event: saveDepositsToDatabase is not a function
[31merror[39m: Error processing event: saveDepositsToDatabase is not a function
[31merror[39m: Error processing event: saveDepositsToDatabase is not a function
[31merror[39m: Error processing event: saveDepositsToDatabase is not a function
[31merror[39m: Error processing event: saveDepositsToDatabase is not a function
[31merror[39m: Error processing event: saveDepositsToDatabase is not a function
[31merror[39m: Error processing event: saveDepositsToDatabase is not a function
[31merror[39m: Error processing event: saveDepositsToDatabase is not a function
[31merror[39m: Error processing event: saveDepositsToDatabase is not a function
[31merror[39m: Error fetching internal transactions: fetchInternalTransactions is not a function
[31merror[39m: Error saving to database: Operation `transactions.deleteOne()` buffering timed out after 10000ms
[31merror[39m: Error deleting transaction: Operation `transactions.deleteOne()` buffering timed out after 10000ms
[31merror[39m: Error deleting transaction: Operation `transactions.deleteOne()` buffering timed out after 10000ms
[31merror[39m: Error saving to database: Operation `transactions.insertOne()` buffering timed out after 10000ms
[31merror[39m: Error deleting transaction: Operation `transactions.deleteOne()` buffering timed out after 10000ms
[31merror[39m: Error fetching recent DepositEvents: Connection not open
[31merror[39m: Failed to set up real-time listener: Cannot read properties of undefined (reading 'on')
[31merror[39m: Error saving to database: relation "Transactions" does not exist
[31merror[39m: Error saving to database: relation "Transactions" does not exist
[31merror[39m: Error saving to database: relation "Transactions" does not exist
[31merror[39m: Error saving to database: Transaction.deleteOne is not a function
[31merror[39m: Error saving to database: Transaction.deleteOne is not a function
[31merror[39m: Error saving to database: Transaction.deleteOne is not a function
[31merror[39m: Error saving to database: Transaction.deleteOne is not a function
[31merror[39m: Error saving to database: Transaction.deleteOne is not a function
[31merror[39m: Error saving to database: Transaction.deleteOne is not a function
[31merror[39m: Error saving to database: Transaction.deleteOne is not a function
[31merror[39m: Error deleting transaction: permission denied for table Transactions
[31merror[39m: Error saving to database: notNull Violation: Transaction.sender cannot be null,
notNull Violation: Transaction.amount cannot be null
[31merror[39m: Error deleting transaction: permission denied for table Transactions
[31merror[39m: Error saving to database: notNull Violation: Transaction.sender cannot be null,
notNull Violation: Transaction.amount cannot be null
[31merror[39m: Error deleting transaction: permission denied for table Transactions
[31merror[39m: Error saving to database: notNull Violation: Transaction.sender cannot be null,
notNull Violation: Transaction.amount cannot be null
[31merror[39m: Error deleting transaction: permission denied for table Transactions
[31merror[39m: Error saving to database: notNull Violation: Transaction.sender cannot be null,
notNull Violation: Transaction.amount cannot be null
[31merror[39m: Error deleting transaction: permission denied for table Transactions
[31merror[39m: Error saving to database: notNull Violation: Transaction.sender cannot be null,
notNull Violation: Transaction.amount cannot be null
[31merror[39m: Error deleting transaction: permission denied for table Transactions
[31merror[39m: Error saving to database: notNull Violation: Transaction.sender cannot be null,
notNull Violation: Transaction.amount cannot be null
[31merror[39m: Error deleting transaction: permission denied for table Transactions
[31merror[39m: Error saving to database: notNull Violation: Transaction.sender cannot be null,
notNull Violation: Transaction.amount cannot be null
[31merror[39m: Error deleting transaction: permission denied for table Transactions
[31merror[39m: Error saving to database: notNull Violation: Transaction.sender cannot be null,
notNull Violation: Transaction.amount cannot be null
[31merror[39m: Error deleting transaction: permission denied for table Transactions
[31merror[39m: Error saving to database: notNull Violation: Transaction.sender cannot be null,
notNull Violation: Transaction.amount cannot be null
[31merror[39m: Error deleting transaction: permission denied for table Transactions
[31merror[39m: Error saving to database: notNull Violation: Transaction.sender cannot be null,
notNull Violation: Transaction.amount cannot be null
[31merror[39m: Error deleting transaction: permission denied for table Transactions
[31merror[39m: Error saving to database: notNull Violation: Transaction.sender cannot be null,
notNull Violation: Transaction.amount cannot be null
[31merror[39m: Error deleting transaction: permission denied for table Transactions
[31merror[39m: Error saving to database: notNull Violation: Transaction.sender cannot be null,
notNull Violation: Transaction.amount cannot be null
[31merror[39m: Error deleting transaction: permission denied for table Transactions
[31merror[39m: Error saving to database: notNull Violation: Transaction.sender cannot be null,
notNull Violation: Transaction.amount cannot be null
[31merror[39m: Error deleting transaction: permission denied for table Transactions
[31merror[39m: Error saving to database: notNull Violation: Transaction.sender cannot be null,
notNull Violation: Transaction.amount cannot be null
[31merror[39m: Error deleting transaction: permission denied for table Transactions
[31merror[39m: Error saving to database: notNull Violation: Transaction.sender cannot be null,
notNull Violation: Transaction.amount cannot be null
[31merror[39m: Error deleting transaction: permission denied for table Transactions
[31merror[39m: Error saving to database: notNull Violation: Transaction.sender cannot be null,
notNull Violation: Transaction.amount cannot be null
[31merror[39m: Error deleting transaction: permission denied for table Transactions
[31merror[39m: Error saving to database: notNull Violation: Transaction.sender cannot be null,
notNull Violation: Transaction.amount cannot be null
[31merror[39m: Error deleting transaction: permission denied for table Transactions
[31merror[39m: Error saving to database: notNull Violation: Transaction.sender cannot be null,
notNull Violation: Transaction.amount cannot be null
[31merror[39m: Error deleting transaction: permission denied for table Transactions
[31merror[39m: Error saving to database: notNull Violation: Transaction.sender cannot be null,
notNull Violation: Transaction.amount cannot be null
[31merror[39m: Error saving to database: notNull Violation: Transaction.sender cannot be null,
notNull Violation: Transaction.amount cannot be null
[31merror[39m: Error saving to database: notNull Violation: Transaction.sender cannot be null,
notNull Violation: Transaction.amount cannot be null
[31merror[39m: Error saving to database: notNull Violation: Transaction.sender cannot be null,
notNull Violation: Transaction.amount cannot be null
[31merror[39m: Error saving to database: notNull Violation: Transaction.sender cannot be null,
notNull Violation: Transaction.amount cannot be null
[31merror[39m: Error saving to database: invalid input syntax for type timestamp with time zone: "Invalid date"
[31merror[39m: Error saving to database: invalid input syntax for type timestamp with time zone: "Invalid date"
[31merror[39m: Error saving to database: invalid input syntax for type timestamp with time zone: "Invalid date"
[31merror[39m: Failed to set up real-time listener: Cannot read properties of undefined (reading 'on')
[31merror[39m: Error saving to database: Validation error
[31merror[39m: Failed to set up real-time listener: Cannot read properties of undefined (reading 'on')
[31merror[39m: Failed to set up real-time listener: Cannot read properties of undefined (reading 'on')
[31merror[39m: Failed to set up real-time listener: Cannot read properties of undefined (reading 'on')
[31merror[39m: Failed to set up real-time listener: Cannot read properties of undefined (reading 'on')
